[debug] [2021-04-10T08:18:13.650Z] ----------------------------------------------------------------------
[debug] [2021-04-10T08:18:13.655Z] Command:       C:\Program Files\nodejs\node.exe C:\Users\Prakriti\AppData\Roaming\npm\node_modules\firebase-tools\lib\bin\firebase.js init functions
[debug] [2021-04-10T08:18:13.655Z] CLI Version:   9.9.0
[debug] [2021-04-10T08:18:13.656Z] Platform:      win32
[debug] [2021-04-10T08:18:13.656Z] Node Version:  v12.16.3
[debug] [2021-04-10T08:18:13.659Z] Time:          Sat Apr 10 2021 13:48:13 GMT+0530 (India Standard Time)
[debug] [2021-04-10T08:18:13.659Z] ----------------------------------------------------------------------
[debug] 
[debug] [2021-04-10T08:18:13.702Z] > command requires scopes: ["email","openid","https://www.googleapis.com/auth/cloudplatformprojects.readonly","https://www.googleapis.com/auth/firebase","https://www.googleapis.com/auth/cloud-platform"]
[debug] [2021-04-10T08:18:13.702Z] > authorizing via signed-in user (prakriti.ag001@gmail.com)
[info] 
     ######## #### ########  ######## ########     ###     ######  ########
     ##        ##  ##     ## ##       ##     ##  ##   ##  ##       ##
     ######    ##  ########  ######   ########  #########  ######  ######
     ##        ##  ##    ##  ##       ##     ## ##     ##       ## ##
     ##       #### ##     ## ######## ########  ##     ##  ######  ########

You're about to initialize a Firebase project in this directory:

  C:\Users\Prakriti\Desktop\devlopment\project\whatsapp

Before we get started, keep in mind:

  * You are initializing in an existing Firebase project directory

[info] 
=== Project Setup
[info] 
[info] First, let's associate this project directory with a Firebase project.
[info] You can create multiple project aliases by running firebase use --add, 
[info] but for now we'll just set up a default project.
[info] 
[info] i  .firebaserc already has a default project, using whatsapp-clone-d6e3b. 
[debug] [2021-04-10T08:18:23.667Z] > refreshing access token with scopes: []
[debug] [2021-04-10T08:18:23.668Z] >>> HTTP REQUEST POST https://www.googleapis.com/oauth2/v3/token  
 <request body omitted>
[debug] [2021-04-10T08:18:25.848Z] <<< HTTP RESPONSE 200 {"expires":"Mon, 01 Jan 1990 00:00:00 GMT","date":"Sat, 10 Apr 2021 08:18:25 GMT","cache-control":"no-cache, no-store, max-age=0, must-revalidate","pragma":"no-cache","content-type":"application/json; charset=utf-8","vary":"X-Origin, Referer, Origin,Accept-Encoding","server":"scaffolding on HTTPServer2","x-xss-protection":"0","x-frame-options":"SAMEORIGIN","x-content-type-options":"nosniff","alt-svc":"h3-29=\":443\"; ma=2592000,h3-T051=\":443\"; ma=2592000,h3-Q050=\":443\"; ma=2592000,h3-Q046=\":443\"; ma=2592000,h3-Q043=\":443\"; ma=2592000,quic=\":443\"; ma=2592000; v=\"46,43\"","accept-ranges":"none","transfer-encoding":"chunked"}
[debug] [2021-04-10T08:18:25.939Z] >>> [apiv2][query] GET https://firebase.googleapis.com/v1beta1/projects/whatsapp-clone-d6e3b [none]
[debug] [2021-04-10T08:18:29.915Z] <<< [apiv2][status] GET https://firebase.googleapis.com/v1beta1/projects/whatsapp-clone-d6e3b 200
[debug] [2021-04-10T08:18:29.916Z] <<< [apiv2][body] GET https://firebase.googleapis.com/v1beta1/projects/whatsapp-clone-d6e3b {"projectId":"whatsapp-clone-d6e3b","projectNumber":"776491015732","displayName":"Whatsapp clone","name":"projects/whatsapp-clone-d6e3b","resources":{"hostingSite":"whatsapp-clone-d6e3b","storageBucket":"whatsapp-clone-d6e3b.appspot.com","locationId":"us-central"},"state":"ACTIVE"}
[info] 
=== Functions Setup
[info] 
[info] A functions directory will be created in your project with a Node.js
[info] package pre-configured. Functions can be deployed with firebase deploy.
[info] 
[debug] [2021-04-10T08:18:29.919Z] > command requires scopes: ["email","openid","https://www.googleapis.com/auth/cloudplatformprojects.readonly","https://www.googleapis.com/auth/firebase","https://www.googleapis.com/auth/cloud-platform"]
[debug] [2021-04-10T08:18:29.919Z] > authorizing via signed-in user (prakriti.ag001@gmail.com)
[debug] [2021-04-10T08:18:29.919Z] [iam] checking project whatsapp-clone-d6e3b for permissions ["firebase.projects.get"]
[debug] [2021-04-10T08:18:29.920Z] > refreshing access token with scopes: ["email","https://www.googleapis.com/auth/cloud-platform","https://www.googleapis.com/auth/cloudplatformprojects.readonly","https://www.googleapis.com/auth/firebase","openid"]
[debug] [2021-04-10T08:18:29.920Z] >>> HTTP REQUEST POST https://www.googleapis.com/oauth2/v3/token  
 <request body omitted>
[debug] [2021-04-10T08:18:32.737Z] <<< HTTP RESPONSE 200 {"pragma":"no-cache","expires":"Mon, 01 Jan 1990 00:00:00 GMT","cache-control":"no-cache, no-store, max-age=0, must-revalidate","date":"Sat, 10 Apr 2021 08:18:32 GMT","content-type":"application/json; charset=utf-8","vary":"X-Origin, Referer, Origin,Accept-Encoding","server":"scaffolding on HTTPServer2","x-xss-protection":"0","x-frame-options":"SAMEORIGIN","x-content-type-options":"nosniff","alt-svc":"h3-29=\":443\"; ma=2592000,h3-T051=\":443\"; ma=2592000,h3-Q050=\":443\"; ma=2592000,h3-Q046=\":443\"; ma=2592000,h3-Q043=\":443\"; ma=2592000,quic=\":443\"; ma=2592000; v=\"46,43\"","accept-ranges":"none","transfer-encoding":"chunked"}
[debug] [2021-04-10T08:18:32.839Z] >>> HTTP REQUEST POST https://cloudresourcemanager.googleapis.com/v1/projects/whatsapp-clone-d6e3b:testIamPermissions  
 {"permissions":["firebase.projects.get"]}
[debug] [2021-04-10T08:18:36.184Z] <<< HTTP RESPONSE 200 {"content-type":"application/json; charset=UTF-8","vary":"X-Origin, Referer, Origin,Accept-Encoding","date":"Sat, 10 Apr 2021 08:18:36 GMT","server":"ESF","cache-control":"private","x-xss-protection":"0","x-frame-options":"SAMEORIGIN","x-content-type-options":"nosniff","server-timing":"gfet4t7; dur=1394","alt-svc":"h3-29=\":443\"; ma=2592000,h3-T051=\":443\"; ma=2592000,h3-Q050=\":443\"; ma=2592000,h3-Q046=\":443\"; ma=2592000,h3-Q043=\":443\"; ma=2592000,quic=\":443\"; ma=2592000; v=\"46,43\"","accept-ranges":"none","transfer-encoding":"chunked"}
[debug] [2021-04-10T08:18:36.187Z] >>> HTTP REQUEST POST https://serviceusage.googleapis.com/v1/projects/whatsapp-clone-d6e3b/services/cloudfunctions.googleapis.com:enable  
 
[debug] [2021-04-10T08:18:36.187Z] >>> HTTP REQUEST POST https://serviceusage.googleapis.com/v1/projects/whatsapp-clone-d6e3b/services/runtimeconfig.googleapis.com:enable  
 
[debug] [2021-04-10T08:18:39.054Z] <<< HTTP RESPONSE 200 {"content-type":"application/json; charset=UTF-8","vary":"X-Origin, Referer, Origin,Accept-Encoding","date":"Sat, 10 Apr 2021 08:18:39 GMT","server":"ESF","cache-control":"private","x-xss-protection":"0","x-frame-options":"SAMEORIGIN","x-content-type-options":"nosniff","alt-svc":"h3-29=\":443\"; ma=2592000,h3-T051=\":443\"; ma=2592000,h3-Q050=\":443\"; ma=2592000,h3-Q046=\":443\"; ma=2592000,h3-Q043=\":443\"; ma=2592000,quic=\":443\"; ma=2592000; v=\"46,43\"","accept-ranges":"none","transfer-encoding":"chunked"}
[debug] [2021-04-10T08:18:39.372Z] <<< HTTP RESPONSE 200 {"content-type":"application/json; charset=UTF-8","vary":"X-Origin, Referer, Origin,Accept-Encoding","date":"Sat, 10 Apr 2021 08:18:39 GMT","server":"ESF","cache-control":"private","x-xss-protection":"0","x-frame-options":"SAMEORIGIN","x-content-type-options":"nosniff","alt-svc":"h3-29=\":443\"; ma=2592000,h3-T051=\":443\"; ma=2592000,h3-Q050=\":443\"; ma=2592000,h3-Q046=\":443\"; ma=2592000,h3-Q043=\":443\"; ma=2592000,quic=\":443\"; ma=2592000; v=\"46,43\"","accept-ranges":"none","transfer-encoding":"chunked"}
